23Y-03-10 11-43-46 [32minfo[39m: server connected successfully to port 7000
23Y-03-10 11-43-50 [32minfo[39m: db connected
23Y-03-10 11-44-27 [31merror[39m: User validation failed: userType: Path `userType` is required.
23Y-03-10 11-56-50 [31merror[39m: User validation failed: userType: Path `userType` is required.
23Y-03-10 11-57-02 [31merror[39m: E11000 duplicate key error collection: test.users index: phone_1 dup key: { phone: null }
23Y-03-10 11-58-41 [31merror[39m: E11000 duplicate key error collection: test.users index: email_1 dup key: { email: "felixadegboyega@gmail.com" }
23Y-03-10 11-58-54 [31merror[39m: E11000 duplicate key error collection: test.users index: phone_1 dup key: { phone: "08035292607" }
23Y-03-11 18-35-33 [32minfo[39m: server connected successfully to port 8000
23Y-03-11 18-35-33 [32minfo[39m: db connected
23Y-03-11 18-38-07 [32minfo[39m: server connected successfully to port 8000
23Y-03-11 18-38-07 [32minfo[39m: db connected
23Y-03-11 19-05-21 [32minfo[39m: server connected successfully to port 8000
23Y-03-11 19-05-21 [32minfo[39m: db connected
23Y-03-11 19-07-36 [32minfo[39m: server connected successfully to port 8000
23Y-03-11 19-07-36 [32minfo[39m: db connected
23Y-03-11 19-08-56 [32minfo[39m: server connected successfully to port 8000
23Y-03-11 19-08-56 [32minfo[39m: db connected
23Y-03-11 19-12-39 [32minfo[39m: server connected successfully to port 8000
23Y-03-11 19-12-39 [32minfo[39m: db connected
23Y-03-11 19-14-18 [32minfo[39m: server connected successfully to port 8000
23Y-03-11 19-14-19 [32minfo[39m: db connected
23Y-03-11 19-15-57 [32minfo[39m: server connected successfully to port 8000
23Y-03-11 19-15-57 [32minfo[39m: db connected
23Y-03-11 19-19-42 [32minfo[39m: server connected successfully to port 8000
23Y-03-11 19-19-42 [32minfo[39m: db connected
23Y-03-12 11-52-50 [32minfo[39m: server connected successfully to port 8000
23Y-03-12 11-52-50 [32minfo[39m: db connected
23Y-03-12 11-53-55 [32minfo[39m: server connected successfully to port 8000
23Y-03-12 11-53-55 [32minfo[39m: db connected
23Y-03-12 11-53-57 [32minfo[39m: server connected successfully to port 8000
23Y-03-12 11-53-57 [32minfo[39m: db connected
23Y-03-12 11-54-46 [32minfo[39m: server connected successfully to port 8000
23Y-03-12 11-54-46 [32minfo[39m: db connected
23Y-03-12 11-54-58 [32minfo[39m: server connected successfully to port 8000
23Y-03-12 11-54-58 [32minfo[39m: db connected
23Y-03-12 11-55-09 [32minfo[39m: server connected successfully to port 8000
23Y-03-12 11-55-09 [32minfo[39m: db connected
23Y-03-12 11-55-44 [32minfo[39m: server connected successfully to port 8000
23Y-03-12 11-55-44 [32minfo[39m: db connected
23Y-03-12 11-55-49 [32minfo[39m: server connected successfully to port 8000
23Y-03-12 11-55-49 [32minfo[39m: db connected
23Y-03-12 12-03-43 [32minfo[39m: server connected successfully to port 8000
23Y-03-12 12-03-43 [32minfo[39m: db connected
23Y-03-12 12-17-55 [32minfo[39m: server connected successfully to port 8000
23Y-03-12 12-17-55 [32minfo[39m: db connected
23Y-03-12 12-19-14 [32minfo[39m: server connected successfully to port 8000
23Y-03-12 12-19-14 [32minfo[39m: db connected
23Y-03-12 12-21-55 [32minfo[39m: server connected successfully to port 8000
23Y-03-12 12-21-55 [32minfo[39m: db connected
23Y-03-12 12-23-05 [32minfo[39m: server connected successfully to port 8000
23Y-03-12 12-23-05 [32minfo[39m: db connected
23Y-03-12 12-23-45 [32minfo[39m: server connected successfully to port 8000
23Y-03-12 12-23-45 [32minfo[39m: db connected
23Y-03-12 12-23-51 [32minfo[39m: server connected successfully to port 8000
23Y-03-12 12-23-51 [32minfo[39m: db connected
23Y-03-12 12-24-15 [32minfo[39m: server connected successfully to port 8000
23Y-03-12 12-24-15 [32minfo[39m: db connected
23Y-03-12 12-24-47 [32minfo[39m: server connected successfully to port 8000
23Y-03-12 12-24-47 [32minfo[39m: db connected
23Y-03-12 12-25-24 [32minfo[39m: server connected successfully to port 8000
23Y-03-12 12-25-24 [32minfo[39m: db connected
23Y-03-12 12-25-51 [32minfo[39m: server connected successfully to port 8000
23Y-03-12 12-25-51 [32minfo[39m: db connected
23Y-03-12 12-25-53 [32minfo[39m: server connected successfully to port 8000
23Y-03-12 12-25-53 [32minfo[39m: db connected
23Y-03-12 12-25-55 [32minfo[39m: server connected successfully to port 8000
23Y-03-12 12-25-55 [32minfo[39m: db connected
23Y-03-12 12-27-32 [32minfo[39m: server connected successfully to port 8000
23Y-03-12 12-27-32 [32minfo[39m: db connected
23Y-03-12 12-34-58 [32minfo[39m: server connected successfully to port 8000
23Y-03-12 12-34-58 [32minfo[39m: db connected
23Y-03-12 12-45-17 [32minfo[39m: server connected successfully to port 8000
23Y-03-12 12-45-17 [32minfo[39m: db connected
23Y-03-12 12-48-34 [32minfo[39m: server connected successfully to port 8000
23Y-03-12 12-48-34 [32minfo[39m: db connected
23Y-03-12 12-48-45 [32minfo[39m: server connected successfully to port 8000
23Y-03-12 12-48-45 [32minfo[39m: db connected
23Y-03-12 12-48-49 [32minfo[39m: server connected successfully to port 8000
23Y-03-12 12-48-49 [32minfo[39m: db connected
23Y-03-12 12-48-54 [32minfo[39m: server connected successfully to port 8000
23Y-03-12 12-48-54 [32minfo[39m: db connected
23Y-03-12 12-48-58 [32minfo[39m: server connected successfully to port 8000
23Y-03-12 12-48-58 [32minfo[39m: db connected
23Y-03-12 12-48-59 [32minfo[39m: server connected successfully to port 8000
23Y-03-12 12-48-59 [32minfo[39m: db connected
23Y-03-12 12-49-04 [32minfo[39m: server connected successfully to port 8000
23Y-03-12 12-49-04 [32minfo[39m: db connected
23Y-03-12 12-49-12 [32minfo[39m: server connected successfully to port 8000
23Y-03-12 12-49-13 [32minfo[39m: db connected
23Y-03-12 12-49-39 [32minfo[39m: server connected successfully to port 8000
23Y-03-12 12-49-39 [32minfo[39m: db connected
23Y-03-12 12-49-42 [32minfo[39m: server connected successfully to port 8000
23Y-03-12 12-49-42 [32minfo[39m: db connected
23Y-03-12 12-52-07 [32minfo[39m: server connected successfully to port 8000
23Y-03-12 12-52-08 [32minfo[39m: db connected
23Y-03-12 12-52-36 [32minfo[39m: server connected successfully to port 8000
23Y-03-12 12-52-36 [32minfo[39m: db connected
23Y-03-12 12-52-49 [32minfo[39m: server connected successfully to port 8000
23Y-03-12 12-52-49 [32minfo[39m: db connected
23Y-03-12 12-53-33 [32minfo[39m: server connected successfully to port 8000
23Y-03-12 12-53-33 [32minfo[39m: db connected
23Y-03-12 12-54-19 [32minfo[39m: server connected successfully to port 8000
23Y-03-12 12-54-19 [32minfo[39m: db connected
23Y-03-12 12-55-03 [32minfo[39m: server connected successfully to port 8000
23Y-03-12 12-55-03 [32minfo[39m: db connected
23Y-03-12 12-55-06 [32minfo[39m: server connected successfully to port 8000
23Y-03-12 12-55-06 [32minfo[39m: db connected
23Y-03-12 12-55-18 [32minfo[39m: server connected successfully to port 8000
23Y-03-12 12-55-18 [32minfo[39m: db connected
23Y-03-12 12-55-33 [32minfo[39m: server connected successfully to port 8000
23Y-03-12 12-55-33 [32minfo[39m: db connected
23Y-03-12 12-56-34 [32minfo[39m: server connected successfully to port 8000
23Y-03-12 12-56-34 [32minfo[39m: db connected
23Y-03-12 12-56-41 [32minfo[39m: server connected successfully to port 8000
23Y-03-12 12-56-41 [32minfo[39m: db connected
23Y-03-12 12-58-40 [32minfo[39m: server connected successfully to port 8000
23Y-03-12 12-58-40 [32minfo[39m: db connected
23Y-03-12 13-01-05 [32minfo[39m: server connected successfully to port 8000
23Y-03-12 13-01-05 [32minfo[39m: db connected
23Y-03-12 13-05-11 [32minfo[39m: server connected successfully to port 8000
23Y-03-12 13-05-11 [32minfo[39m: db connected
23Y-03-12 13-05-13 [32minfo[39m: server connected successfully to port 8000
23Y-03-12 13-05-13 [32minfo[39m: db connected
23Y-03-12 13-05-15 [32minfo[39m: server connected successfully to port 8000
23Y-03-12 13-05-15 [32minfo[39m: db connected
23Y-03-12 13-05-17 [32minfo[39m: server connected successfully to port 8000
23Y-03-12 13-05-17 [32minfo[39m: db connected
23Y-03-12 13-08-06 [32minfo[39m: server connected successfully to port 8000
23Y-03-12 13-08-06 [32minfo[39m: db connected
23Y-03-12 13-09-45 [32minfo[39m: server connected successfully to port 8000
23Y-03-12 13-09-45 [32minfo[39m: db connected
23Y-03-12 13-09-49 [32minfo[39m: server connected successfully to port 8000
23Y-03-12 13-09-49 [32minfo[39m: db connected
23Y-03-12 13-10-25 [32minfo[39m: server connected successfully to port 8000
23Y-03-12 13-10-25 [32minfo[39m: db connected
23Y-03-12 13-10-48 [32minfo[39m: server connected successfully to port 8000
23Y-03-12 13-10-48 [32minfo[39m: db connected
23Y-03-12 13-11-39 [32minfo[39m: server connected successfully to port 8000
23Y-03-12 13-11-39 [32minfo[39m: db connected
23Y-03-12 13-11-42 [32minfo[39m: server connected successfully to port 8000
23Y-03-12 13-11-42 [32minfo[39m: db connected
23Y-03-12 13-12-02 [32minfo[39m: server connected successfully to port 8000
23Y-03-12 13-12-02 [32minfo[39m: db connected
23Y-03-12 13-12-11 [32minfo[39m: server connected successfully to port 8000
23Y-03-12 13-12-11 [32minfo[39m: db connected
23Y-03-12 13-12-34 [32minfo[39m: server connected successfully to port 8000
23Y-03-12 13-12-34 [32minfo[39m: db connected
23Y-03-12 13-13-23 [32minfo[39m: server connected successfully to port 8000
23Y-03-12 13-13-23 [32minfo[39m: db connected
23Y-03-12 13-13-27 [32minfo[39m: server connected successfully to port 8000
23Y-03-12 13-13-27 [32minfo[39m: db connected
23Y-03-12 13-47-02 [32minfo[39m: server connected successfully to port 8000
23Y-03-12 13-47-03 [32minfo[39m: db connected
23Y-03-12 13-47-30 [32minfo[39m: server connected successfully to port 8000
23Y-03-12 13-47-30 [32minfo[39m: db connected
23Y-03-12 13-49-14 [32minfo[39m: server connected successfully to port 8000
23Y-03-12 13-49-14 [32minfo[39m: db connected
23Y-03-12 13-49-20 [32minfo[39m: server connected successfully to port 8000
23Y-03-12 13-49-20 [32minfo[39m: db connected
23Y-03-12 13-50-26 [32minfo[39m: server connected successfully to port 8000
23Y-03-12 13-50-26 [32minfo[39m: db connected
23Y-03-12 13-50-45 [32minfo[39m: server connected successfully to port 8000
23Y-03-12 13-50-46 [32minfo[39m: db connected
23Y-03-12 13-50-49 [32minfo[39m: server connected successfully to port 8000
23Y-03-12 13-50-49 [32minfo[39m: db connected
23Y-03-12 13-53-03 [32minfo[39m: server connected successfully to port 8000
23Y-03-12 13-53-03 [32minfo[39m: db connected
23Y-03-12 13-53-13 [32minfo[39m: server connected successfully to port 8000
23Y-03-12 13-53-13 [32minfo[39m: db connected
23Y-03-12 13-54-19 [32minfo[39m: server connected successfully to port 8000
23Y-03-12 13-54-19 [32minfo[39m: db connected
23Y-03-12 13-54-45 [32minfo[39m: server connected successfully to port 8000
23Y-03-12 13-54-45 [32minfo[39m: db connected
23Y-03-12 13-54-55 [32minfo[39m: server connected successfully to port 8000
23Y-03-12 13-54-55 [32minfo[39m: db connected
23Y-03-12 13-55-31 [32minfo[39m: server connected successfully to port 8000
23Y-03-12 13-55-31 [32minfo[39m: db connected
23Y-03-12 13-55-33 [32minfo[39m: server connected successfully to port 8000
23Y-03-12 13-55-33 [32minfo[39m: db connected
23Y-03-12 13-55-35 [32minfo[39m: server connected successfully to port 8000
23Y-03-12 13-55-35 [32minfo[39m: db connected
23Y-03-12 13-55-37 [32minfo[39m: server connected successfully to port 8000
23Y-03-12 13-55-37 [32minfo[39m: db connected
23Y-03-12 13-55-40 [32minfo[39m: server connected successfully to port 8000
23Y-03-12 13-55-40 [32minfo[39m: db connected
23Y-03-12 13-56-41 [32minfo[39m: server connected successfully to port 8000
23Y-03-12 13-56-41 [32minfo[39m: db connected
23Y-03-12 13-57-17 [32minfo[39m: server connected successfully to port 8000
23Y-03-12 13-57-17 [32minfo[39m: db connected
23Y-03-12 14-02-07 [32minfo[39m: server connected successfully to port 8000
23Y-03-12 14-23-07 [32minfo[39m: server connected successfully to port 8000
23Y-03-12 14-23-07 [32minfo[39m: db connected
23Y-03-12 14-31-17 [32minfo[39m: server connected successfully to port 8000
23Y-03-12 14-31-17 [32minfo[39m: db connected
23Y-03-12 14-32-12 [32minfo[39m: server connected successfully to port 8000
23Y-03-12 14-32-12 [32minfo[39m: db connected
23Y-03-12 14-32-44 [32minfo[39m: server connected successfully to port 8000
23Y-03-12 14-32-44 [32minfo[39m: db connected
23Y-03-12 14-35-31 [32minfo[39m: server connected successfully to port 8000
23Y-03-12 14-35-31 [32minfo[39m: db connected
23Y-03-12 15-06-41 [32minfo[39m: server connected successfully to port 8000
23Y-03-12 15-06-41 [32minfo[39m: db connected
23Y-03-12 15-10-50 [32minfo[39m: server connected successfully to port 8000
23Y-03-12 15-10-50 [32minfo[39m: db connected
23Y-03-12 15-11-14 [32minfo[39m: server connected successfully to port 8000
23Y-03-12 15-11-14 [32minfo[39m: db connected
23Y-03-12 15-11-17 [32minfo[39m: server connected successfully to port 8000
23Y-03-12 15-11-17 [32minfo[39m: db connected
23Y-03-12 15-11-20 [32minfo[39m: server connected successfully to port 8000
23Y-03-12 15-11-20 [32minfo[39m: db connected
23Y-03-12 15-11-32 [32minfo[39m: server connected successfully to port 8000
23Y-03-12 15-11-32 [32minfo[39m: db connected
23Y-03-12 15-12-02 [32minfo[39m: server connected successfully to port 8000
23Y-03-12 15-12-02 [32minfo[39m: db connected
23Y-03-12 15-25-05 [32minfo[39m: server connected successfully to port 8000
23Y-03-12 15-25-05 [32minfo[39m: db connected
23Y-03-12 15-25-40 [32minfo[39m: server connected successfully to port 8000
23Y-03-12 15-25-40 [32minfo[39m: db connected
23Y-03-12 15-25-55 [32minfo[39m: server connected successfully to port 8000
23Y-03-12 15-25-55 [32minfo[39m: db connected
23Y-03-12 15-32-02 [32minfo[39m: server connected successfully to port 8000
23Y-03-12 15-32-02 [32minfo[39m: db connected
23Y-03-12 15-32-07 [32minfo[39m: server connected successfully to port 8000
23Y-03-12 15-32-07 [32minfo[39m: db connected
23Y-03-12 15-32-11 [32minfo[39m: server connected successfully to port 8000
23Y-03-12 15-32-11 [32minfo[39m: db connected
23Y-03-12 15-32-28 [32minfo[39m: server connected successfully to port 8000
23Y-03-12 15-32-28 [32minfo[39m: db connected
23Y-03-12 15-32-53 [32minfo[39m: server connected successfully to port 8000
23Y-03-12 15-32-53 [32minfo[39m: db connected
23Y-03-12 15-33-22 [32minfo[39m: server connected successfully to port 8000
23Y-03-12 15-33-22 [32minfo[39m: db connected
23Y-03-12 15-33-29 [32minfo[39m: server connected successfully to port 8000
23Y-03-12 15-33-29 [32minfo[39m: db connected
23Y-03-12 15-33-47 [32minfo[39m: server connected successfully to port 8000
23Y-03-12 15-33-47 [32minfo[39m: db connected
23Y-03-12 15-33-55 [32minfo[39m: server connected successfully to port 8000
23Y-03-12 15-33-55 [32minfo[39m: db connected
23Y-03-12 15-34-10 [32minfo[39m: server connected successfully to port 8000
23Y-03-12 15-34-10 [32minfo[39m: db connected
23Y-03-12 15-34-21 [32minfo[39m: server connected successfully to port 8000
23Y-03-12 15-34-21 [32minfo[39m: db connected
23Y-03-12 15-34-25 [32minfo[39m: server connected successfully to port 8000
23Y-03-12 15-34-25 [32minfo[39m: db connected
23Y-03-12 15-34-32 [32minfo[39m: server connected successfully to port 8000
23Y-03-12 15-34-32 [32minfo[39m: db connected
